[0.942s] Invoking command in '/home/parallels/ros2_ws_car/src/car_sim': PYTHONPATH=/home/parallels/ros2_ws_car/build/car_sim/prefix_override:/usr/lib/python3/dist-packages/colcon_core/task/python/colcon_distutils_commands:/home/parallels/ros2_ws_car/install/car_sim/lib/python3.10/site-packages:${PYTHONPATH} /usr/bin/python3 -W ignore:setup.py install is deprecated -W ignore:easy_install command is deprecated setup.py egg_info --egg-base ../../build/car_sim build --build-base /home/parallels/ros2_ws_car/build/car_sim/build install --record /home/parallels/ros2_ws_car/build/car_sim/install.log --single-version-externally-managed install_data
[1.299s] running egg_info
[1.300s] creating ../../build/car_sim/car_sim.egg-info
[1.300s] writing ../../build/car_sim/car_sim.egg-info/PKG-INFO
[1.301s] writing dependency_links to ../../build/car_sim/car_sim.egg-info/dependency_links.txt
[1.301s] writing entry points to ../../build/car_sim/car_sim.egg-info/entry_points.txt
[1.301s] writing requirements to ../../build/car_sim/car_sim.egg-info/requires.txt
[1.301s] writing top-level names to ../../build/car_sim/car_sim.egg-info/top_level.txt
[1.301s] writing manifest file '../../build/car_sim/car_sim.egg-info/SOURCES.txt'
[1.304s] reading manifest file '../../build/car_sim/car_sim.egg-info/SOURCES.txt'
[1.305s] writing manifest file '../../build/car_sim/car_sim.egg-info/SOURCES.txt'
[1.305s] running build
[1.305s] running build_py
[1.305s] creating /home/parallels/ros2_ws_car/build/car_sim/build
[1.306s] creating /home/parallels/ros2_ws_car/build/car_sim/build/lib
[1.306s] creating /home/parallels/ros2_ws_car/build/car_sim/build/lib/car_sim
[1.306s] copying car_sim/controller.py -> /home/parallels/ros2_ws_car/build/car_sim/build/lib/car_sim
[1.306s] copying car_sim/spawn_car.py -> /home/parallels/ros2_ws_car/build/car_sim/build/lib/car_sim
[1.306s] copying car_sim/__init__.py -> /home/parallels/ros2_ws_car/build/car_sim/build/lib/car_sim
[1.306s] running install
[1.307s] running install_lib
[1.308s] creating /home/parallels/ros2_ws_car/install/car_sim/lib/python3.10/site-packages/car_sim
[1.308s] copying /home/parallels/ros2_ws_car/build/car_sim/build/lib/car_sim/controller.py -> /home/parallels/ros2_ws_car/install/car_sim/lib/python3.10/site-packages/car_sim
[1.309s] copying /home/parallels/ros2_ws_car/build/car_sim/build/lib/car_sim/spawn_car.py -> /home/parallels/ros2_ws_car/install/car_sim/lib/python3.10/site-packages/car_sim
[1.309s] copying /home/parallels/ros2_ws_car/build/car_sim/build/lib/car_sim/__init__.py -> /home/parallels/ros2_ws_car/install/car_sim/lib/python3.10/site-packages/car_sim
[1.310s] byte-compiling /home/parallels/ros2_ws_car/install/car_sim/lib/python3.10/site-packages/car_sim/controller.py to controller.cpython-310.pyc
[1.310s] byte-compiling /home/parallels/ros2_ws_car/install/car_sim/lib/python3.10/site-packages/car_sim/spawn_car.py to spawn_car.cpython-310.pyc
[1.311s] byte-compiling /home/parallels/ros2_ws_car/install/car_sim/lib/python3.10/site-packages/car_sim/__init__.py to __init__.cpython-310.pyc
[1.311s] running install_data
[1.311s] creating /home/parallels/ros2_ws_car/install/car_sim/share/ament_index
[1.311s] creating /home/parallels/ros2_ws_car/install/car_sim/share/ament_index/resource_index
[1.312s] creating /home/parallels/ros2_ws_car/install/car_sim/share/ament_index/resource_index/packages
[1.312s] copying resource/car_sim -> /home/parallels/ros2_ws_car/install/car_sim/share/ament_index/resource_index/packages
[1.312s] copying package.xml -> /home/parallels/ros2_ws_car/install/car_sim/share/car_sim
[1.312s] creating /home/parallels/ros2_ws_car/install/car_sim/share/car_sim/launch
[1.312s] copying launch/car_sim.launch.py -> /home/parallels/ros2_ws_car/install/car_sim/share/car_sim/launch
[1.312s] creating /home/parallels/ros2_ws_car/install/car_sim/share/car_sim/urdf
[1.312s] copying urdf/car.urdf -> /home/parallels/ros2_ws_car/install/car_sim/share/car_sim/urdf
[1.312s] creating /home/parallels/ros2_ws_car/install/car_sim/share/car_sim/world
[1.313s] copying world/car_world.sdf -> /home/parallels/ros2_ws_car/install/car_sim/share/car_sim/world
[1.313s] creating /home/parallels/ros2_ws_car/install/car_sim/share/car_sim/config
[1.313s] copying config/diff_drive_controller.yaml -> /home/parallels/ros2_ws_car/install/car_sim/share/car_sim/config
[1.313s] running install_egg_info
[1.316s] Copying ../../build/car_sim/car_sim.egg-info to /home/parallels/ros2_ws_car/install/car_sim/lib/python3.10/site-packages/car_sim-0.0.0-py3.10.egg-info
[1.317s] running install_scripts
[1.357s] Installing spawn_car script to /home/parallels/ros2_ws_car/install/car_sim/lib/car_sim
[1.358s] writing list of installed files to '/home/parallels/ros2_ws_car/build/car_sim/install.log'
[1.402s] Invoked command in '/home/parallels/ros2_ws_car/src/car_sim' returned '0': PYTHONPATH=/home/parallels/ros2_ws_car/build/car_sim/prefix_override:/usr/lib/python3/dist-packages/colcon_core/task/python/colcon_distutils_commands:/home/parallels/ros2_ws_car/install/car_sim/lib/python3.10/site-packages:${PYTHONPATH} /usr/bin/python3 -W ignore:setup.py install is deprecated -W ignore:easy_install command is deprecated setup.py egg_info --egg-base ../../build/car_sim build --build-base /home/parallels/ros2_ws_car/build/car_sim/build install --record /home/parallels/ros2_ws_car/build/car_sim/install.log --single-version-externally-managed install_data
