[0.802s] Invoking command in '/home/parallels/ros2_ws_car/src/car_sim': PYTHONPATH=/home/parallels/ros2_ws_car/build/car_sim/prefix_override:/usr/lib/python3/dist-packages/colcon_core/task/python/colcon_distutils_commands:/home/parallels/ros2_ws_car/install/car_sim/lib/python3.10/site-packages:${PYTHONPATH} /usr/bin/python3 -W ignore:setup.py install is deprecated -W ignore:easy_install command is deprecated setup.py egg_info --egg-base ../../build/car_sim build --build-base /home/parallels/ros2_ws_car/build/car_sim/build install --record /home/parallels/ros2_ws_car/build/car_sim/install.log --single-version-externally-managed install_data
[1.113s] running egg_info
[1.114s] creating ../../build/car_sim/car_sim.egg-info
[1.114s] writing ../../build/car_sim/car_sim.egg-info/PKG-INFO
[1.115s] writing dependency_links to ../../build/car_sim/car_sim.egg-info/dependency_links.txt
[1.115s] writing entry points to ../../build/car_sim/car_sim.egg-info/entry_points.txt
[1.115s] writing requirements to ../../build/car_sim/car_sim.egg-info/requires.txt
[1.115s] writing top-level names to ../../build/car_sim/car_sim.egg-info/top_level.txt
[1.115s] writing manifest file '../../build/car_sim/car_sim.egg-info/SOURCES.txt'
[1.117s] reading manifest file '../../build/car_sim/car_sim.egg-info/SOURCES.txt'
[1.118s] writing manifest file '../../build/car_sim/car_sim.egg-info/SOURCES.txt'
[1.118s] running build
[1.118s] running build_py
[1.118s] creating /home/parallels/ros2_ws_car/build/car_sim/build
[1.118s] creating /home/parallels/ros2_ws_car/build/car_sim/build/lib
[1.118s] creating /home/parallels/ros2_ws_car/build/car_sim/build/lib/car_sim
[1.118s] copying car_sim/controller.py -> /home/parallels/ros2_ws_car/build/car_sim/build/lib/car_sim
[1.119s] copying car_sim/spawn_car.py -> /home/parallels/ros2_ws_car/build/car_sim/build/lib/car_sim
[1.119s] copying car_sim/__init__.py -> /home/parallels/ros2_ws_car/build/car_sim/build/lib/car_sim
[1.119s] running install
[1.119s] running install_lib
[1.120s] creating /home/parallels/ros2_ws_car/install/car_sim/lib/python3.10/site-packages/car_sim
[1.120s] copying /home/parallels/ros2_ws_car/build/car_sim/build/lib/car_sim/controller.py -> /home/parallels/ros2_ws_car/install/car_sim/lib/python3.10/site-packages/car_sim
[1.120s] copying /home/parallels/ros2_ws_car/build/car_sim/build/lib/car_sim/spawn_car.py -> /home/parallels/ros2_ws_car/install/car_sim/lib/python3.10/site-packages/car_sim
[1.121s] copying /home/parallels/ros2_ws_car/build/car_sim/build/lib/car_sim/__init__.py -> /home/parallels/ros2_ws_car/install/car_sim/lib/python3.10/site-packages/car_sim
[1.121s] byte-compiling /home/parallels/ros2_ws_car/install/car_sim/lib/python3.10/site-packages/car_sim/controller.py to controller.cpython-310.pyc
[1.121s] byte-compiling /home/parallels/ros2_ws_car/install/car_sim/lib/python3.10/site-packages/car_sim/spawn_car.py to spawn_car.cpython-310.pyc
[1.122s] byte-compiling /home/parallels/ros2_ws_car/install/car_sim/lib/python3.10/site-packages/car_sim/__init__.py to __init__.cpython-310.pyc
[1.122s] running install_data
[1.122s] creating /home/parallels/ros2_ws_car/install/car_sim/share/ament_index
[1.122s] creating /home/parallels/ros2_ws_car/install/car_sim/share/ament_index/resource_index
[1.122s] creating /home/parallels/ros2_ws_car/install/car_sim/share/ament_index/resource_index/packages
[1.122s] copying resource/car_sim -> /home/parallels/ros2_ws_car/install/car_sim/share/ament_index/resource_index/packages
[1.122s] copying package.xml -> /home/parallels/ros2_ws_car/install/car_sim/share/car_sim
[1.123s] creating /home/parallels/ros2_ws_car/install/car_sim/share/car_sim/launch
[1.123s] copying launch/car_sim.launch.py -> /home/parallels/ros2_ws_car/install/car_sim/share/car_sim/launch
[1.123s] creating /home/parallels/ros2_ws_car/install/car_sim/share/car_sim/urdf
[1.123s] copying urdf/car.urdf -> /home/parallels/ros2_ws_car/install/car_sim/share/car_sim/urdf
[1.123s] creating /home/parallels/ros2_ws_car/install/car_sim/share/car_sim/world
[1.123s] copying world/car_world.sdf -> /home/parallels/ros2_ws_car/install/car_sim/share/car_sim/world
[1.124s] creating /home/parallels/ros2_ws_car/install/car_sim/share/car_sim/config
[1.124s] copying config/diff_drive_controller.yaml -> /home/parallels/ros2_ws_car/install/car_sim/share/car_sim/config
[1.124s] running install_egg_info
[1.126s] Copying ../../build/car_sim/car_sim.egg-info to /home/parallels/ros2_ws_car/install/car_sim/lib/python3.10/site-packages/car_sim-0.0.0-py3.10.egg-info
[1.126s] running install_scripts
[1.152s] Installing spawn_car script to /home/parallels/ros2_ws_car/install/car_sim/lib/car_sim
[1.152s] writing list of installed files to '/home/parallels/ros2_ws_car/build/car_sim/install.log'
[1.174s] Invoked command in '/home/parallels/ros2_ws_car/src/car_sim' returned '0': PYTHONPATH=/home/parallels/ros2_ws_car/build/car_sim/prefix_override:/usr/lib/python3/dist-packages/colcon_core/task/python/colcon_distutils_commands:/home/parallels/ros2_ws_car/install/car_sim/lib/python3.10/site-packages:${PYTHONPATH} /usr/bin/python3 -W ignore:setup.py install is deprecated -W ignore:easy_install command is deprecated setup.py egg_info --egg-base ../../build/car_sim build --build-base /home/parallels/ros2_ws_car/build/car_sim/build install --record /home/parallels/ros2_ws_car/build/car_sim/install.log --single-version-externally-managed install_data
