/home/parallels/ros2_ws_car/install/car_sim/lib/python3.10/site-packages/car_sim/controller.py
/home/parallels/ros2_ws_car/install/car_sim/lib/python3.10/site-packages/car_sim/spawn_car.py
/home/parallels/ros2_ws_car/install/car_sim/lib/python3.10/site-packages/car_sim/__init__.py
/home/parallels/ros2_ws_car/install/car_sim/lib/python3.10/site-packages/car_sim/__pycache__/controller.cpython-310.pyc
/home/parallels/ros2_ws_car/install/car_sim/lib/python3.10/site-packages/car_sim/__pycache__/spawn_car.cpython-310.pyc
/home/parallels/ros2_ws_car/install/car_sim/lib/python3.10/site-packages/car_sim/__pycache__/__init__.cpython-310.pyc
/home/parallels/ros2_ws_car/install/car_sim/share/ament_index/resource_index/packages/car_sim
/home/parallels/ros2_ws_car/install/car_sim/share/car_sim/package.xml
/home/parallels/ros2_ws_car/install/car_sim/share/car_sim/launch/car_sim.launch.py
/home/parallels/ros2_ws_car/install/car_sim/share/car_sim/urdf/car.urdf
/home/parallels/ros2_ws_car/install/car_sim/share/car_sim/world/car_world.sdf
/home/parallels/ros2_ws_car/install/car_sim/share/car_sim/world/car.sdf
/home/parallels/ros2_ws_car/install/car_sim/lib/python3.10/site-packages/car_sim-0.0.0-py3.10.egg-info/dependency_links.txt
/home/parallels/ros2_ws_car/install/car_sim/lib/python3.10/site-packages/car_sim-0.0.0-py3.10.egg-info/top_level.txt
/home/parallels/ros2_ws_car/install/car_sim/lib/python3.10/site-packages/car_sim-0.0.0-py3.10.egg-info/entry_points.txt
/home/parallels/ros2_ws_car/install/car_sim/lib/python3.10/site-packages/car_sim-0.0.0-py3.10.egg-info/zip-safe
/home/parallels/ros2_ws_car/install/car_sim/lib/python3.10/site-packages/car_sim-0.0.0-py3.10.egg-info/PKG-INFO
/home/parallels/ros2_ws_car/install/car_sim/lib/python3.10/site-packages/car_sim-0.0.0-py3.10.egg-info/SOURCES.txt
/home/parallels/ros2_ws_car/install/car_sim/lib/python3.10/site-packages/car_sim-0.0.0-py3.10.egg-info/requires.txt
/home/parallels/ros2_ws_car/install/car_sim/lib/car_sim/spawn_car
