running egg_info
creating ../../build/car_sim/car_sim.egg-info
writing ../../build/car_sim/car_sim.egg-info/PKG-INFO
writing dependency_links to ../../build/car_sim/car_sim.egg-info/dependency_links.txt
writing entry points to ../../build/car_sim/car_sim.egg-info/entry_points.txt
writing requirements to ../../build/car_sim/car_sim.egg-info/requires.txt
writing top-level names to ../../build/car_sim/car_sim.egg-info/top_level.txt
writing manifest file '../../build/car_sim/car_sim.egg-info/SOURCES.txt'
reading manifest file '../../build/car_sim/car_sim.egg-info/SOURCES.txt'
writing manifest file '../../build/car_sim/car_sim.egg-info/SOURCES.txt'
running build
running build_py
creating /home/parallels/ros2_ws_car/build/car_sim/build
creating /home/parallels/ros2_ws_car/build/car_sim/build/lib
creating /home/parallels/ros2_ws_car/build/car_sim/build/lib/car_sim
copying car_sim/controller.py -> /home/parallels/ros2_ws_car/build/car_sim/build/lib/car_sim
copying car_sim/spawn_car.py -> /home/parallels/ros2_ws_car/build/car_sim/build/lib/car_sim
copying car_sim/__init__.py -> /home/parallels/ros2_ws_car/build/car_sim/build/lib/car_sim
running install
running install_lib
creating /home/parallels/ros2_ws_car/install/car_sim/lib/python3.10/site-packages/car_sim
copying /home/parallels/ros2_ws_car/build/car_sim/build/lib/car_sim/controller.py -> /home/parallels/ros2_ws_car/install/car_sim/lib/python3.10/site-packages/car_sim
copying /home/parallels/ros2_ws_car/build/car_sim/build/lib/car_sim/spawn_car.py -> /home/parallels/ros2_ws_car/install/car_sim/lib/python3.10/site-packages/car_sim
copying /home/parallels/ros2_ws_car/build/car_sim/build/lib/car_sim/__init__.py -> /home/parallels/ros2_ws_car/install/car_sim/lib/python3.10/site-packages/car_sim
byte-compiling /home/parallels/ros2_ws_car/install/car_sim/lib/python3.10/site-packages/car_sim/controller.py to controller.cpython-310.pyc
byte-compiling /home/parallels/ros2_ws_car/install/car_sim/lib/python3.10/site-packages/car_sim/spawn_car.py to spawn_car.cpython-310.pyc
byte-compiling /home/parallels/ros2_ws_car/install/car_sim/lib/python3.10/site-packages/car_sim/__init__.py to __init__.cpython-310.pyc
running install_data
creating /home/parallels/ros2_ws_car/install/car_sim/share/ament_index
creating /home/parallels/ros2_ws_car/install/car_sim/share/ament_index/resource_index
creating /home/parallels/ros2_ws_car/install/car_sim/share/ament_index/resource_index/packages
copying resource/car_sim -> /home/parallels/ros2_ws_car/install/car_sim/share/ament_index/resource_index/packages
copying package.xml -> /home/parallels/ros2_ws_car/install/car_sim/share/car_sim
creating /home/parallels/ros2_ws_car/install/car_sim/share/car_sim/launch
copying launch/car_sim.launch.py -> /home/parallels/ros2_ws_car/install/car_sim/share/car_sim/launch
creating /home/parallels/ros2_ws_car/install/car_sim/share/car_sim/urdf
copying urdf/car.urdf -> /home/parallels/ros2_ws_car/install/car_sim/share/car_sim/urdf
creating /home/parallels/ros2_ws_car/install/car_sim/share/car_sim/world
copying world/car_world.sdf -> /home/parallels/ros2_ws_car/install/car_sim/share/car_sim/world
copying world/car.sdf -> /home/parallels/ros2_ws_car/install/car_sim/share/car_sim/world
running install_egg_info
Copying ../../build/car_sim/car_sim.egg-info to /home/parallels/ros2_ws_car/install/car_sim/lib/python3.10/site-packages/car_sim-0.0.0-py3.10.egg-info
running install_scripts
Installing spawn_car script to /home/parallels/ros2_ws_car/install/car_sim/lib/car_sim
writing list of installed files to '/home/parallels/ros2_ws_car/build/car_sim/install.log'
